---Import table---
WINMM.dll,waveInPrepareHeader
WINMM.dll,waveInAddBuffer
WINMM.dll,waveOutUnprepareHeader
WINMM.dll,waveInUnprepareHeader
WINMM.dll,waveOutReset
WINMM.dll,waveOutPrepareHeader
WINMM.dll,waveInReset
WINMM.dll,waveInStop
WINMM.dll,mixerGetNumDevs
WINMM.dll,waveInClose
WINMM.dll,mixerGetDevCapsA
WINMM.dll,waveInOpen
WINMM.dll,waveOutGetDevCapsA
WINMM.dll,waveInStart
WINMM.dll,waveInGetNumDevs
WINMM.dll,waveInGetPosition
WINMM.dll,waveOutGetPosition
WINMM.dll,waveOutWrite
WINMM.dll,waveOutSetVolume
WINMM.dll,waveOutGetVolume
WINMM.dll,mixerSetControlDetails
WINMM.dll,mixerGetControlDetailsA
WINMM.dll,waveOutGetNumDevs
WINMM.dll,mixerClose
WINMM.dll,waveOutOpen
WINMM.dll,mixerGetID
WINMM.dll,mixerOpen
WINMM.dll,waveOutClose
WINMM.dll,mixerGetLineInfoA
WINMM.dll,mixerGetLineControlsA
WINMM.dll,timeSetEvent
WINMM.dll,timeKillEvent
WINMM.dll,timeBeginPeriod
WINMM.dll,timeEndPeriod
WINMM.dll,waveInGetDevCapsA
WINMM.dll,timeGetTime
KERNEL32.dll,GetVersionExA
KERNEL32.dll,GetModuleFileNameA
KERNEL32.dll,GetLastError
KERNEL32.dll,LoadLibraryA
KERNEL32.dll,GetProcessHeap
KERNEL32.dll,GetProcAddress
KERNEL32.dll,LocalFree
KERNEL32.dll,LocalAlloc
KERNEL32.dll,lstrlenA
KERNEL32.dll,GetCurrentProcessId
KERNEL32.dll,DisableThreadLibraryCalls
KERNEL32.dll,IsDebuggerPresent
KERNEL32.dll,SetUnhandledExceptionFilter
KERNEL32.dll,UnhandledExceptionFilter
KERNEL32.dll,GetCurrentProcess
KERNEL32.dll,TerminateProcess
KERNEL32.dll,InterlockedCompareExchange
KERNEL32.dll,CreateThread
KERNEL32.dll,QueryPerformanceCounter
KERNEL32.dll,GetVersion
KERNEL32.dll,FreeLibrary
KERNEL32.dll,GetSystemDirectoryA
KERNEL32.dll,InterlockedExchange
KERNEL32.dll,InterlockedDecrement
KERNEL32.dll,InterlockedIncrement
KERNEL32.dll,PostQueuedCompletionStatus
KERNEL32.dll,CreateIoCompletionPort
KERNEL32.dll,GetQueuedCompletionStatus
KERNEL32.dll,CloseHandle
KERNEL32.dll,Sleep
KERNEL32.dll,WideCharToMultiByte
KERNEL32.dll,GetTickCount
KERNEL32.dll,GetSystemTimeAsFileTime
KERNEL32.dll,MultiByteToWideChar
KERNEL32.dll,DeleteCriticalSection
KERNEL32.dll,EnterCriticalSection
KERNEL32.dll,LeaveCriticalSection
KERNEL32.dll,InitializeCriticalSection
KERNEL32.dll,GetCurrentThreadId
KERNEL32.dll,GetSystemTime
KERNEL32.dll,GetTimeFormatA
KERNEL32.dll,GetDateFormatA
KERNEL32.dll,GetLocalTime
KERNEL32.dll,SetEvent
KERNEL32.dll,ResetEvent
KERNEL32.dll,WaitForSingleObject
KERNEL32.dll,CreateEventA
KERNEL32.dll,SetThreadPriority
KERNEL32.dll,TerminateThread
KERNEL32.dll,RaiseException
KERNEL32.dll,WaitForMultipleObjects
KERNEL32.dll,QueryPerformanceFrequency
KERNEL32.dll,HeapFree
ADVAPI32.dll,RegCloseKey
ADVAPI32.dll,RegOpenKeyExA
ADVAPI32.dll,RegQueryValueExA
ADVAPI32.dll,RegCreateKeyExA
ADVAPI32.dll,RegSetValueExA
ADVAPI32.dll,RegOpenKeyA
MSVCR80.dll,_itoa
MSVCR80.dll,_CIpow
MSVCR80.dll,_CIsin
MSVCR80.dll,_CIlog
MSVCR80.dll,_CIexp
MSVCR80.dll,_CIasin
MSVCR80.dll,_CIcos
MSVCR80.dll,_CIlog10
MSVCR80.dll,floor
MSVCR80.dll,fopen
MSVCR80.dll,_CItanh
MSVCR80.dll,??_V@YAXPAX@Z
MSVCR80.dll,_CIatan
MSVCR80.dll,_iob
MSVCR80.dll,_CIacos
MSVCR80.dll,frexp
MSVCR80.dll,?terminate@@YAXXZ
MSVCR80.dll,_encode_pointer
MSVCR80.dll,_malloc_crt
MSVCR80.dll,_encoded_null
MSVCR80.dll,_decode_pointer
MSVCR80.dll,_initterm
MSVCR80.dll,_initterm_e
MSVCR80.dll,_amsg_exit
MSVCR80.dll,_adjust_fdiv
MSVCR80.dll,__CppXcptFilter
MSVCR80.dll,_unlock
MSVCR80.dll,__dllonexit
MSVCR80.dll,_lock
MSVCR80.dll,_onexit
MSVCR80.dll,_except_handler4_common
MSVCR80.dll,?_type_info_dtor_internal_method@type_info@@QAEXXZ
MSVCR80.dll,_crt_debugger_hook
MSVCR80.dll,__clean_type_info_names_internal
MSVCR80.dll,_beginthreadex
MSVCR80.dll,fwrite
MSVCR80.dll,fprintf
MSVCR80.dll,fread
MSVCR80.dll,_wfopen
MSVCR80.dll,fflush
MSVCR80.dll,fseek
MSVCR80.dll,fclose
MSVCR80.dll,_vsnprintf
MSVCR80.dll,_snprintf
MSVCR80.dll,realloc
MSVCR80.dll,_CIsqrt
MSVCR80.dll,vfprintf
MSVCR80.dll,rand
MSVCR80.dll,strncmp
MSVCR80.dll,printf
MSVCR80.dll,exit
MSVCR80.dll,isxdigit
MSVCR80.dll,strcat_s
MSVCR80.dll,sprintf_s
MSVCR80.dll,strtoul
MSVCR80.dll,strncpy_s
MSVCR80.dll,calloc
MSVCR80.dll,strcpy_s
MSVCR80.dll,_time64
MSVCR80.dll,_strnicmp
MSVCR80.dll,isdigit
MSVCR80.dll,tolower
MSVCR80.dll,atoi
MSVCR80.dll,sprintf
MSVCR80.dll,__iob_func
MSVCR80.dll,srand
MSVCR80.dll,strncat
MSVCR80.dll,strrchr
MSVCR80.dll,strchr
MSVCR80.dll,free
MSVCR80.dll,malloc
MSVCR80.dll,_stat64i32
MSVCR80.dll,memcpy
MSVCR80.dll,memmove
MSVCR80.dll,strncpy
MSVCR80.dll,_wassert
MSVCR80.dll,_stricmp
MSVCR80.dll,__CxxFrameHandler3
MSVCR80.dll,??2@YAPAXI@Z
MSVCR80.dll,??3@YAXPAX@Z
MSVCR80.dll,memset
MSVCR80.dll,_purecall
MSVCR80.dll,qsort
MSVCR80.dll,_CxxThrowException
WS2_32.dll,getsockname
WS2_32.dll,WSAIoctl
WS2_32.dll,closesocket
WS2_32.dll,WSARecvFrom
WS2_32.dll,WSASendTo
WS2_32.dll,bind
WS2_32.dll,WSAEnumProtocolsA
WS2_32.dll,WSASocketA
WS2_32.dll,setsockopt
WS2_32.dll,WSACleanup
WS2_32.dll,WSAStartup
WS2_32.dll,ntohl
WS2_32.dll,WSAAddressToStringA
WS2_32.dll,gethostname
WS2_32.dll,WSAStringToAddressA
WS2_32.dll,WSASetLastError
WS2_32.dll,ntohs
WS2_32.dll,inet_addr
WS2_32.dll,WSAGetLastError
WS2_32.dll,gethostbyname
WS2_32.dll,inet_ntoa
WS2_32.dll,htonl
WS2_32.dll,getservbyname
WS2_32.dll,getservbyport
WS2_32.dll,gethostbyaddr
WS2_32.dll,htons
ole32.dll,CoCreateInstance
ole32.dll,CoTaskMemFree
ole32.dll,PropVariantClear
ole32.dll,CoUninitialize
ole32.dll,CoInitializeEx
OLEAUT32.dll,SysFreeString
OLEAUT32.dll,VariantClear
OLEAUT32.dll,SysAllocString
----Export table----
??0GIPSVEBase@@QAE@ABV0@@Z
??0GIPSVEBase@@QAE@XZ
??0GIPSVECallReport@@QAE@ABV0@@Z
??0GIPSVECallReport@@QAE@XZ
??0GIPSVECodec@@QAE@ABV0@@Z
??0GIPSVECodec@@QAE@XZ
??0GIPSVEConnectionObserver@@QAE@ABV0@@Z
??0GIPSVEConnectionObserver@@QAE@XZ
??0GIPSVEDTMF@@QAE@ABV0@@Z
??0GIPSVEDTMF@@QAE@XZ
??0GIPSVEDTMFCallback@@QAE@ABV0@@Z
??0GIPSVEDTMFCallback@@QAE@XZ
??0GIPSVEEncryption@@QAE@ABV0@@Z
??0GIPSVEEncryption@@QAE@XZ
??0GIPSVEExternalMedia@@QAE@ABV0@@Z
??0GIPSVEExternalMedia@@QAE@XZ
??0GIPSVEFile@@QAE@ABV0@@Z
??0GIPSVEFile@@QAE@XZ
??0GIPSVEG729Extended@@QAE@ABV0@@Z
??0GIPSVEG729Extended@@QAE@XZ
??0GIPSVEHardware@@QAE@ABV0@@Z
??0GIPSVEHardware@@QAE@XZ
??0GIPSVEMediaProcess@@QAE@ABV0@@Z
??0GIPSVEMediaProcess@@QAE@XZ
??0GIPSVENetEqStats@@QAE@ABV0@@Z
??0GIPSVENetEqStats@@QAE@XZ
??0GIPSVENetwork@@QAE@ABV0@@Z
??0GIPSVENetwork@@QAE@XZ
??0GIPSVEPTT@@QAE@ABV0@@Z
??0GIPSVEPTT@@QAE@XZ
??0GIPSVERTCPObserver@@QAE@ABV0@@Z
??0GIPSVERTCPObserver@@QAE@XZ
??0GIPSVERTPObserver@@QAE@ABV0@@Z
??0GIPSVERTPObserver@@QAE@XZ
??0GIPSVERTP_RTCP@@QAE@ABV0@@Z
??0GIPSVERTP_RTCP@@QAE@XZ
??0GIPSVERxVadCallback@@QAE@ABV0@@Z
??0GIPSVERxVadCallback@@QAE@XZ
??0GIPSVEVQE@@QAE@ABV0@@Z
??0GIPSVEVQE@@QAE@XZ
??0GIPSVEVQMon@@QAE@ABV0@@Z
??0GIPSVEVQMon@@QAE@XZ
??0GIPSVEVQMonCallback@@QAE@ABV0@@Z
??0GIPSVEVQMonCallback@@QAE@XZ
??0GIPSVEVideoSync@@QAE@ABV0@@Z
??0GIPSVEVideoSync@@QAE@XZ
??0GIPSVEVideoSyncExtended@@QAE@ABV0@@Z
??0GIPSVEVideoSyncExtended@@QAE@XZ
??0GIPSVEVolumeControl@@QAE@ABV0@@Z
??0GIPSVEVolumeControl@@QAE@XZ
??0GIPSVoiceEngineObserver@@QAE@ABV0@@Z
??0GIPSVoiceEngineObserver@@QAE@XZ
??1GIPSVEBase@@MAE@XZ
??1GIPSVECallReport@@MAE@XZ
??1GIPSVECodec@@MAE@XZ
??1GIPSVEConnectionObserver@@MAE@XZ
??1GIPSVEDTMF@@MAE@XZ
??1GIPSVEDTMFCallback@@MAE@XZ
??1GIPSVEEncryption@@MAE@XZ
??1GIPSVEExternalMedia@@MAE@XZ
??1GIPSVEFile@@MAE@XZ
??1GIPSVEG729Extended@@MAE@XZ
??1GIPSVEHardware@@MAE@XZ
??1GIPSVEMediaProcess@@MAE@XZ
??1GIPSVENetEqStats@@MAE@XZ
??1GIPSVENetwork@@MAE@XZ
??1GIPSVEPTT@@MAE@XZ
??1GIPSVERTCPObserver@@MAE@XZ
??1GIPSVERTPObserver@@MAE@XZ
??1GIPSVERTP_RTCP@@MAE@XZ
??1GIPSVERxVadCallback@@MAE@XZ
??1GIPSVEVQE@@MAE@XZ
??1GIPSVEVQMon@@MAE@XZ
??1GIPSVEVQMonCallback@@MAE@XZ
??1GIPSVEVideoSync@@MAE@XZ
??1GIPSVEVideoSyncExtended@@MAE@XZ
??1GIPSVEVolumeControl@@MAE@XZ
??1GIPSVoiceEngineObserver@@MAE@XZ
??4GIPSVEBase@@QAEAAV0@ABV0@@Z
??4GIPSVECallReport@@QAEAAV0@ABV0@@Z
??4GIPSVECodec@@QAEAAV0@ABV0@@Z
??4GIPSVEConnectionObserver@@QAEAAV0@ABV0@@Z
??4GIPSVEDTMF@@QAEAAV0@ABV0@@Z
??4GIPSVEDTMFCallback@@QAEAAV0@ABV0@@Z
??4GIPSVEEncryption@@QAEAAV0@ABV0@@Z
??4GIPSVEExternalMedia@@QAEAAV0@ABV0@@Z
??4GIPSVEFile@@QAEAAV0@ABV0@@Z
??4GIPSVEG729Extended@@QAEAAV0@ABV0@@Z
??4GIPSVEHardware@@QAEAAV0@ABV0@@Z
??4GIPSVEMediaProcess@@QAEAAV0@ABV0@@Z
??4GIPSVENetEqStats@@QAEAAV0@ABV0@@Z
??4GIPSVENetwork@@QAEAAV0@ABV0@@Z
??4GIPSVEPTT@@QAEAAV0@ABV0@@Z
??4GIPSVERTCPObserver@@QAEAAV0@ABV0@@Z
??4GIPSVERTPObserver@@QAEAAV0@ABV0@@Z
??4GIPSVERTP_RTCP@@QAEAAV0@ABV0@@Z
??4GIPSVERxVadCallback@@QAEAAV0@ABV0@@Z
??4GIPSVEVQE@@QAEAAV0@ABV0@@Z
??4GIPSVEVQMon@@QAEAAV0@ABV0@@Z
??4GIPSVEVQMonCallback@@QAEAAV0@ABV0@@Z
??4GIPSVEVideoSync@@QAEAAV0@ABV0@@Z
??4GIPSVEVideoSyncExtended@@QAEAAV0@ABV0@@Z
??4GIPSVEVolumeControl@@QAEAAV0@ABV0@@Z
??4GIPSVoiceEngine@@QAEAAV0@ABV0@@Z
??4GIPSVoiceEngineObserver@@QAEAAV0@ABV0@@Z
??_7GIPSVEBase@@6B@
??_7GIPSVECallReport@@6B@
??_7GIPSVECodec@@6B@
??_7GIPSVEConnectionObserver@@6B@
??_7GIPSVEDTMF@@6B@
??_7GIPSVEDTMFCallback@@6B@
??_7GIPSVEEncryption@@6B@
??_7GIPSVEExternalMedia@@6B@
??_7GIPSVEFile@@6B@
??_7GIPSVEG729Extended@@6B@
??_7GIPSVEHardware@@6B@
??_7GIPSVEMediaProcess@@6B@
??_7GIPSVENetEqStats@@6B@
??_7GIPSVENetwork@@6B@
??_7GIPSVEPTT@@6B@
??_7GIPSVERTCPObserver@@6B@
??_7GIPSVERTPObserver@@6B@
??_7GIPSVERTP_RTCP@@6B@
??_7GIPSVERxVadCallback@@6B@
??_7GIPSVEVQE@@6B@
??_7GIPSVEVQMon@@6B@
??_7GIPSVEVQMonCallback@@6B@
??_7GIPSVEVideoSync@@6B@
??_7GIPSVEVideoSyncExtended@@6B@
??_7GIPSVEVolumeControl@@6B@
??_7GIPSVoiceEngineObserver@@6B@
?Create@GIPSVoiceEngine@@SAPAV1@PAX0@Z
?Create@GIPSVoiceEngine@@SAPAV1@XZ
?Delete@GIPSVoiceEngine@@SA_NAAPAV1@_N@Z
?GIPSVE_GetInterface@GIPSVEBase@@SAPAV1@PAVGIPSVoiceEngine@@@Z
?GetInterface@GIPSVECallReport@@SAPAV1@PAVGIPSVoiceEngine@@@Z
?GetInterface@GIPSVECodec@@SAPAV1@PAVGIPSVoiceEngine@@@Z
?GetInterface@GIPSVEDTMF@@SAPAV1@PAVGIPSVoiceEngine@@@Z
?GetInterface@GIPSVEEncryption@@SAPAV1@PAVGIPSVoiceEngine@@@Z
?GetInterface@GIPSVEExternalMedia@@SAPAV1@PAVGIPSVoiceEngine@@@Z
?GetInterface@GIPSVEFile@@SAPAV1@PAVGIPSVoiceEngine@@@Z
?GetInterface@GIPSVEG729Extended@@SAPAV1@PAVGIPSVoiceEngine@@@Z
?GetInterface@GIPSVEHardware@@SAPAV1@PAVGIPSVoiceEngine@@@Z
?GetInterface@GIPSVENetEqStats@@SAPAV1@PAVGIPSVoiceEngine@@@Z
?GetInterface@GIPSVENetwork@@SAPAV1@PAVGIPSVoiceEngine@@@Z
?GetInterface@GIPSVEPTT@@SAPAV1@PAVGIPSVoiceEngine@@@Z
?GetInterface@GIPSVERTP_RTCP@@SAPAV1@PAVGIPSVoiceEngine@@@Z
?GetInterface@GIPSVEVQE@@SAPAV1@PAVGIPSVoiceEngine@@@Z
?GetInterface@GIPSVEVQMon@@SAPAV1@PAVGIPSVoiceEngine@@@Z
?GetInterface@GIPSVEVideoSync@@SAPAV1@PAVGIPSVoiceEngine@@@Z
?GetInterface@GIPSVEVideoSyncExtended@@SAPAV1@PAVGIPSVoiceEngine@@@Z
?GetInterface@GIPSVEVolumeControl@@SAPAV1@PAVGIPSVoiceEngine@@@Z
?SetEncryptedTraceFile@GIPSVoiceEngine@@SAHPBD_N@Z
?SetTraceCallback@GIPSVoiceEngine@@SAHPAVGIPSTraceCallback@@@Z
?SetTraceFile@GIPSVoiceEngine@@SAHPBD_N@Z
?SetTraceFilter@GIPSVoiceEngine@@SAHI@Z
GetGipsVoiceEngine
